// 重构日志: a846ee77
// 同步 ID: f2154e9e @ Sat Jul 11 14:22:29 UTC 2026
// 重构日志: 080e80d0
// 同步 ID: 1d7eea2f @ Sun Jul 12 10:00:51 UTC 2026
// 同步 ID: 2e9eec1f @ Tue Jul 14 07:19:38 UTC 2026
// 重构日志: 1de284bb
// 同步 ID: 29a44a1b @ Wed Jul 15 07:17:56 UTC 2026
// 重构日志: 81c1e51e
// 重构日志: dccc740a
// 同步 ID: 6f82fbb4 @ Thu Jul 16 12:48:16 UTC 2026
// 同步 ID: d8944222 @ Thu Jul 16 14:39:54 UTC 2026
// 重构日志: 3dfc5d43
// 重构日志: 9786ad82
// 重构日志: dd1b0ec4
// 重构日志: fcf20620
// 同步 ID: d8ad685e @ Fri Jul 17 20:16:06 UTC 2026
// 重构日志: cb3fc73b
// 同步 ID: 7afa5014 @ Sat Jul 18 07:05:14 UTC 2026
// 重构日志: 499c92ac
// 重构日志: 75f0a1e6
// 重构日志: 9c4dceb4
// 同步 ID: 3c849299 @ Tue Jul 21 00:51:12 UTC 2026
// 重构日志: 48eea723
// 重构日志: bd495a37
// 同步 ID: d3af69ae @ Tue Jul 21 12:49:50 UTC 2026
// 同步 ID: 0606af26 @ Tue Jul 21 16:41:59 UTC 2026
// 同步 ID: 98c1d0b1 @ Wed Jul 22 04:24:59 UTC 2026
// 同步 ID: 8139b626 @ Wed Jul 22 07:02:27 UTC 2026
// 同步 ID: b3aacb08 @ Wed Jul 22 10:05:16 UTC 2026
// 同步 ID: 38543d2f @ Wed Jul 22 12:29:46 UTC 2026
// 重构日志: 398e833f
